<!DOCTYPE html PUBLIC "-//W3C//DTD XHTML 1.1//EN" "http://www.w3.org/TR/xhtml11/DTD/xhtml11.dtd">
<html xmlns="http://www.w3.org/1999/xhtml">
<head>
<meta http-equiv="content-type" content="text/html; charset=UTF-8"/>
<title>TestNG Report</title>
<style type="text/css">table {margin-bottom:10px;border-collapse:collapse;empty-cells:show}th,td {border:1px solid #009;padding:.25em .5em}th {vertical-align:bottom}td {vertical-align:top}table a {font-weight:bold}.stripe td {background-color: #E6EBF9}.num {text-align:right}.passedodd td {background-color: #3F3}.passedeven td {background-color: #0A0}.skippedodd td {background-color: #DDD}.skippedeven td {background-color: #CCC}.failedodd td,.attn {background-color: #F33}.failedeven td,.stripe .attn {background-color: #D00}.stacktrace {white-space:pre;font-family:monospace}.totop {font-size:85%;text-align:center;border-bottom:2px solid #000}.invisible {display:none}</style>
</head>
<body>
<table>
<tr><th>Test</th><th># Passed</th><th># Skipped</th><th># Failed</th><th>Time (ms)</th><th>Included Groups</th><th>Excluded Groups</th></tr>
<tr><th colspan="7">DynamicTesting</th></tr>
<tr><td><a href="#t0">paramWithChromeBrowser</a></td><td class="num">2</td><td class="num">0</td><td class="num">0</td><td class="num">75,050</td><td></td><td></td></tr>
<tr class="stripe"><td><a href="#t1">paramWithEdgeBrowser</a></td><td class="num">2</td><td class="num">0</td><td class="num">0</td><td class="num">59,088</td><td></td><td></td></tr>
<tr><td><a href="#t2">paramWithFirefoxBrowser</a></td><td class="num">1</td><td class="num">0</td><td class="num attn">1</td><td class="num">70,682</td><td></td><td></td></tr>
<tr><th>Total</th><th class="num">5</th><th class="num">0</th><th class="num attn">1</th><th class="num">204,820</th><th colspan="2"></th></tr>
</table>
<table id='summary'><thead><tr><th>Class</th><th>Method</th><th>Start</th><th>Time (ms)</th></tr></thead><tbody><tr><th colspan="4">DynamicTesting</th></tr></tbody><tbody id="t0"><tr><th colspan="4">paramWithChromeBrowser &#8212; passed</th></tr><tr class="passedeven"><td rowspan="2">TestCases.IPadPageTesting_ParemeterizingWithParameterAnnot</td><td><a href="#m0">actions</a></td><td rowspan="1">1506029176849</td><td rowspan="1">20481</td></tr><tr class="passedeven"><td><a href="#m1">someOtherActions</a></td><td rowspan="1">1506029197361</td><td rowspan="1">46736</td></tr></tbody>
<tbody id="t1"><tr><th colspan="4">paramWithEdgeBrowser &#8212; passed</th></tr><tr class="passedeven"><td rowspan="2">TestCases.IPadPageTesting_ParemeterizingWithParameterAnnot</td><td><a href="#m2">actions</a></td><td rowspan="1">1506029249132</td><td rowspan="1">12911</td></tr><tr class="passedeven"><td><a href="#m3">someOtherActions</a></td><td rowspan="1">1506029262052</td><td rowspan="1">42254</td></tr></tbody>
<tbody id="t2"><tr><th colspan="4">paramWithFirefoxBrowser &#8212; failed (configuration methods)</th></tr><tr class="failedeven"><td rowspan="1">TestCases.IPadPageTesting_ParemeterizingWithParameterAnnot</td><td><a href="#m4">tearDown</a></td><td rowspan="1">1506029375321</td><td rowspan="1">21</td></tr><tr><th colspan="4">paramWithFirefoxBrowser &#8212; failed</th></tr><tr class="failedeven"><td rowspan="1">TestCases.IPadPageTesting_ParemeterizingWithParameterAnnot</td><td><a href="#m5">someOtherActions</a></td><td rowspan="1">1506029336641</td><td rowspan="1">38665</td></tr><tr><th colspan="4">paramWithFirefoxBrowser &#8212; skipped (configuration methods)</th></tr><tr class="skippedeven"><td rowspan="1">TestCases.IPadPageTesting_ParemeterizingWithParameterAnnot</td><td><a href="#m6">tearDown</a></td><td rowspan="1">1506029375361</td><td rowspan="1">0</td></tr><tr><th colspan="4">paramWithFirefoxBrowser &#8212; passed</th></tr><tr class="passedeven"><td rowspan="1">TestCases.IPadPageTesting_ParemeterizingWithParameterAnnot</td><td><a href="#m7">actions</a></td><td rowspan="1">1506029314431</td><td rowspan="1">22196</td></tr></tbody>
</table>
<h2>paramWithChromeBrowser</h2><h3 id="m0">TestCases.IPadPageTesting_ParemeterizingWithParameterAnnot#actions</h3><table class="result"><tr><th class="invisible"/></tr></table><p class="totop"><a href="#summary">back to summary</a></p>
<h3 id="m1">TestCases.IPadPageTesting_ParemeterizingWithParameterAnnot#someOtherActions</h3><table class="result"><tr><th class="invisible"/></tr></table><p class="totop"><a href="#summary">back to summary</a></p>
<h2>paramWithEdgeBrowser</h2><h3 id="m2">TestCases.IPadPageTesting_ParemeterizingWithParameterAnnot#actions</h3><table class="result"><tr><th class="invisible"/></tr></table><p class="totop"><a href="#summary">back to summary</a></p>
<h3 id="m3">TestCases.IPadPageTesting_ParemeterizingWithParameterAnnot#someOtherActions</h3><table class="result"><tr><th class="invisible"/></tr></table><p class="totop"><a href="#summary">back to summary</a></p>
<h2>paramWithFirefoxBrowser</h2><h3 id="m4">TestCases.IPadPageTesting_ParemeterizingWithParameterAnnot#tearDown</h3><table class="result"><tr class="param"><th>Parameter #1</th></tr><tr class="param stripe"><td>[TestResult name=someOtherActions status=FAILURE method=IPadPageTesting_ParemeterizingWithParameterAnnot.someOtherActions()[pri:1, instance:TestCases.IPadPageTesting_ParemeterizingWithParameterAnnot@66480dd7] output={null}]</td></tr><tr><th>Exception</th></tr><tr><td><div class="stacktrace">org.openqa.selenium.SessionNotCreatedException: Tried to run command without establishing a connection
Build info: version: &apos;3.5.3&apos;, revision: &apos;a88d25fe6b&apos;, time: &apos;2017-08-29T12:42:44.417Z&apos;
System info: host: &apos;ZAKARIA-HP&apos;, ip: &apos;192.168.56.1&apos;, os.name: &apos;Windows 10&apos;, os.arch: &apos;amd64&apos;, os.version: &apos;10.0&apos;, java.version: &apos;1.8.0_144&apos;
Driver info: org.openqa.selenium.firefox.FirefoxDriver
Capabilities [{moz:profile=C:\Users\ITSZAK~1\AppData\Local\Temp\rust_mozprofile.BysrhXiZqRzx, rotatable=false, timeouts={implicit=0, pageLoad=300000, script=30000}, pageLoadStrategy=normal, platform=XP, specificationLevel=0, moz:accessibilityChecks=false, acceptInsecureCerts=false, browserVersion=55.0.3, platformVersion=10.0, moz:processID=9156, browserName=firefox, javascriptEnabled=true, platformName=XP}]
Session ID: b1bcb0e1-6ce2-4942-b087-79f7179f2636
	at org.openqa.selenium.remote.http.W3CHttpResponseCodec.createException(W3CHttpResponseCodec.java:185)
	at org.openqa.selenium.remote.http.W3CHttpResponseCodec.decode(W3CHttpResponseCodec.java:120)
	at org.openqa.selenium.remote.http.W3CHttpResponseCodec.decode(W3CHttpResponseCodec.java:49)
	at org.openqa.selenium.remote.HttpCommandExecutor.execute(HttpCommandExecutor.java:164)
	at org.openqa.selenium.remote.service.DriverCommandExecutor.execute(DriverCommandExecutor.java:82)
	at org.openqa.selenium.remote.RemoteWebDriver.execute(RemoteWebDriver.java:646)
	at org.openqa.selenium.remote.RemoteWebDriver.execute(RemoteWebDriver.java:703)
	at org.openqa.selenium.remote.RemoteWebDriver.getScreenshotAs(RemoteWebDriver.java:388)
	at Utilities.Screenshot.takeScreenshot(Screenshot.java:24)
	at TestCases.IPadPageTesting_ParemeterizingWithParameterAnnot.tearDown(IPadPageTesting_ParemeterizingWithParameterAnnot.java:150)
... Removed 31 stack frames</div></td></tr></table><p class="totop"><a href="#summary">back to summary</a></p>
<h3 id="m5">TestCases.IPadPageTesting_ParemeterizingWithParameterAnnot#someOtherActions</h3><table class="result"><tr><th>Exception</th></tr><tr><td><div class="stacktrace">org.openqa.selenium.SessionNotCreatedException: Tried to run command without establishing a connection
Build info: version: &apos;3.5.3&apos;, revision: &apos;a88d25fe6b&apos;, time: &apos;2017-08-29T12:42:44.417Z&apos;
System info: host: &apos;ZAKARIA-HP&apos;, ip: &apos;192.168.56.1&apos;, os.name: &apos;Windows 10&apos;, os.arch: &apos;amd64&apos;, os.version: &apos;10.0&apos;, java.version: &apos;1.8.0_144&apos;
Driver info: org.openqa.selenium.firefox.FirefoxDriver
Capabilities [{moz:profile=C:\Users\ITSZAK~1\AppData\Local\Temp\rust_mozprofile.BysrhXiZqRzx, rotatable=false, timeouts={implicit=0, pageLoad=300000, script=30000}, pageLoadStrategy=normal, platform=XP, specificationLevel=0, moz:accessibilityChecks=false, acceptInsecureCerts=false, browserVersion=55.0.3, platformVersion=10.0, moz:processID=9156, browserName=firefox, javascriptEnabled=true, platformName=XP}]
Session ID: b1bcb0e1-6ce2-4942-b087-79f7179f2636
	at org.openqa.selenium.remote.http.W3CHttpResponseCodec.createException(W3CHttpResponseCodec.java:185)
	at org.openqa.selenium.remote.http.W3CHttpResponseCodec.decode(W3CHttpResponseCodec.java:120)
	at org.openqa.selenium.remote.http.W3CHttpResponseCodec.decode(W3CHttpResponseCodec.java:49)
	at org.openqa.selenium.remote.HttpCommandExecutor.execute(HttpCommandExecutor.java:164)
	at org.openqa.selenium.remote.service.DriverCommandExecutor.execute(DriverCommandExecutor.java:82)
	at org.openqa.selenium.remote.RemoteWebDriver.execute(RemoteWebDriver.java:646)
	at org.openqa.selenium.remote.RemoteWebDriver.execute(RemoteWebDriver.java:703)
	at org.openqa.selenium.remote.RemoteWebDriver.getScreenshotAs(RemoteWebDriver.java:388)
	at Utilities.Screenshot.returnScreenshotPathForAdvReport(Screenshot.java:35)
	at Utilities.Screenshot.addScreenshotToAdvReport(Screenshot.java:84)
	at TestCases.IPadPageTesting_ParemeterizingWithParameterAnnot.someOtherActions(IPadPageTesting_ParemeterizingWithParameterAnnot.java:123)
... Removed 29 stack frames</div></td></tr></table><p class="totop"><a href="#summary">back to summary</a></p>
<h3 id="m6">TestCases.IPadPageTesting_ParemeterizingWithParameterAnnot#tearDown</h3><table class="result"><tr><th class="invisible"/></tr></table><p class="totop"><a href="#summary">back to summary</a></p>
<h3 id="m7">TestCases.IPadPageTesting_ParemeterizingWithParameterAnnot#actions</h3><table class="result"><tr><th class="invisible"/></tr></table><p class="totop"><a href="#summary">back to summary</a></p>
</body>
</html>
