<?xml version="1.0" encoding="UTF-8"?>
<testng-results skipped="0" failed="1" ignored="0" total="6" passed="5">
  <reporter-output>
  </reporter-output>
  <suite name="DynamicTesting" duration-ms="205029" started-at="2017-09-21T21:26:10Z" finished-at="2017-09-21T21:29:35Z">
    <groups>
    </groups>
    <test name="paramWithChromeBrowser" duration-ms="75050" started-at="2017-09-21T21:26:10Z" finished-at="2017-09-21T21:27:25Z">
      <class name="TestCases.IPadPageTesting_ParemeterizingWithParameterAnnot">
        <test-method status="PASS" signature="setUp(java.lang.String)[pri:0, instance:TestCases.IPadPageTesting_ParemeterizingWithParameterAnnot@13805618]" name="setUp" is-config="true" duration-ms="6411" started-at="2017-09-21T17:26:10Z" finished-at="2017-09-21T17:26:16Z">
          <params>
            <param index="0">
              <value>
                <![CDATA[chrome]]>
              </value>
            </param>
          </params>
          <reporter-output>
          </reporter-output>
        </test-method> <!-- setUp -->
        <test-method status="PASS" signature="actions()[pri:0, instance:TestCases.IPadPageTesting_ParemeterizingWithParameterAnnot@13805618]" name="actions" duration-ms="20481" started-at="2017-09-21T17:26:16Z" finished-at="2017-09-21T17:26:37Z">
          <reporter-output>
          </reporter-output>
        </test-method> <!-- actions -->
        <test-method status="PASS" signature="tearDown(org.testng.ITestResult)[pri:0, instance:TestCases.IPadPageTesting_ParemeterizingWithParameterAnnot@13805618]" name="tearDown" is-config="true" duration-ms="20" started-at="2017-09-21T17:26:37Z" finished-at="2017-09-21T17:26:37Z">
          <params>
            <param index="0">
              <value>
                <![CDATA[[TestResult name=actions status=SUCCESS method=IPadPageTesting_ParemeterizingWithParameterAnnot.actions()[pri:0, instance:TestCases.IPadPageTesting_ParemeterizingWithParameterAnnot@13805618] output={null}]]]>
              </value>
            </param>
          </params>
          <reporter-output>
          </reporter-output>
        </test-method> <!-- tearDown -->
        <test-method status="PASS" signature="someOtherActions()[pri:1, instance:TestCases.IPadPageTesting_ParemeterizingWithParameterAnnot@13805618]" name="someOtherActions" duration-ms="46736" started-at="2017-09-21T17:26:37Z" finished-at="2017-09-21T17:27:24Z">
          <reporter-output>
          </reporter-output>
        </test-method> <!-- someOtherActions -->
        <test-method status="PASS" signature="tearDown(org.testng.ITestResult)[pri:0, instance:TestCases.IPadPageTesting_ParemeterizingWithParameterAnnot@13805618]" name="tearDown" is-config="true" duration-ms="3" started-at="2017-09-21T17:27:24Z" finished-at="2017-09-21T17:27:24Z">
          <params>
            <param index="0">
              <value>
                <![CDATA[[TestResult name=someOtherActions status=SUCCESS method=IPadPageTesting_ParemeterizingWithParameterAnnot.someOtherActions()[pri:1, instance:TestCases.IPadPageTesting_ParemeterizingWithParameterAnnot@13805618] output={null}]]]>
              </value>
            </param>
          </params>
          <reporter-output>
          </reporter-output>
        </test-method> <!-- tearDown -->
        <test-method status="PASS" signature="tearDown()[pri:0, instance:TestCases.IPadPageTesting_ParemeterizingWithParameterAnnot@13805618]" name="tearDown" is-config="true" duration-ms="1286" started-at="2017-09-21T17:27:24Z" finished-at="2017-09-21T17:27:25Z">
          <reporter-output>
          </reporter-output>
        </test-method> <!-- tearDown -->
      </class> <!-- TestCases.IPadPageTesting_ParemeterizingWithParameterAnnot -->
    </test> <!-- paramWithChromeBrowser -->
    <test name="paramWithEdgeBrowser" duration-ms="59088" started-at="2017-09-21T21:27:25Z" finished-at="2017-09-21T21:28:24Z">
      <class name="TestCases.IPadPageTesting_ParemeterizingWithParameterAnnot">
        <test-method status="PASS" signature="setUp(java.lang.String)[pri:0, instance:TestCases.IPadPageTesting_ParemeterizingWithParameterAnnot@544fe44c]" name="setUp" is-config="true" duration-ms="3619" started-at="2017-09-21T17:27:25Z" finished-at="2017-09-21T17:27:29Z">
          <params>
            <param index="0">
              <value>
                <![CDATA[edge]]>
              </value>
            </param>
          </params>
          <reporter-output>
          </reporter-output>
        </test-method> <!-- setUp -->
        <test-method status="PASS" signature="actions()[pri:0, instance:TestCases.IPadPageTesting_ParemeterizingWithParameterAnnot@544fe44c]" name="actions" duration-ms="12911" started-at="2017-09-21T17:27:29Z" finished-at="2017-09-21T17:27:42Z">
          <reporter-output>
          </reporter-output>
        </test-method> <!-- actions -->
        <test-method status="PASS" signature="tearDown(org.testng.ITestResult)[pri:0, instance:TestCases.IPadPageTesting_ParemeterizingWithParameterAnnot@544fe44c]" name="tearDown" is-config="true" duration-ms="3" started-at="2017-09-21T17:27:42Z" finished-at="2017-09-21T17:27:42Z">
          <params>
            <param index="0">
              <value>
                <![CDATA[[TestResult name=actions status=SUCCESS method=IPadPageTesting_ParemeterizingWithParameterAnnot.actions()[pri:0, instance:TestCases.IPadPageTesting_ParemeterizingWithParameterAnnot@544fe44c] output={null}]]]>
              </value>
            </param>
          </params>
          <reporter-output>
          </reporter-output>
        </test-method> <!-- tearDown -->
        <test-method status="PASS" signature="someOtherActions()[pri:1, instance:TestCases.IPadPageTesting_ParemeterizingWithParameterAnnot@544fe44c]" name="someOtherActions" duration-ms="42254" started-at="2017-09-21T17:27:42Z" finished-at="2017-09-21T17:28:24Z">
          <reporter-output>
          </reporter-output>
        </test-method> <!-- someOtherActions -->
        <test-method status="PASS" signature="tearDown(org.testng.ITestResult)[pri:0, instance:TestCases.IPadPageTesting_ParemeterizingWithParameterAnnot@544fe44c]" name="tearDown" is-config="true" duration-ms="2" started-at="2017-09-21T17:28:24Z" finished-at="2017-09-21T17:28:24Z">
          <params>
            <param index="0">
              <value>
                <![CDATA[[TestResult name=someOtherActions status=SUCCESS method=IPadPageTesting_ParemeterizingWithParameterAnnot.someOtherActions()[pri:1, instance:TestCases.IPadPageTesting_ParemeterizingWithParameterAnnot@544fe44c] output={null}]]]>
              </value>
            </param>
          </params>
          <reporter-output>
          </reporter-output>
        </test-method> <!-- tearDown -->
        <test-method status="PASS" signature="tearDown()[pri:0, instance:TestCases.IPadPageTesting_ParemeterizingWithParameterAnnot@544fe44c]" name="tearDown" is-config="true" duration-ms="283" started-at="2017-09-21T17:28:24Z" finished-at="2017-09-21T17:28:24Z">
          <reporter-output>
          </reporter-output>
        </test-method> <!-- tearDown -->
      </class> <!-- TestCases.IPadPageTesting_ParemeterizingWithParameterAnnot -->
    </test> <!-- paramWithEdgeBrowser -->
    <test name="paramWithFirefoxBrowser" duration-ms="70682" started-at="2017-09-21T21:28:24Z" finished-at="2017-09-21T21:29:35Z">
      <class name="TestCases.IPadPageTesting_ParemeterizingWithParameterAnnot">
        <test-method status="PASS" signature="setUp(java.lang.String)[pri:0, instance:TestCases.IPadPageTesting_ParemeterizingWithParameterAnnot@66480dd7]" name="setUp" is-config="true" duration-ms="9738" started-at="2017-09-21T17:28:24Z" finished-at="2017-09-21T17:28:34Z">
          <params>
            <param index="0">
              <value>
                <![CDATA[firefox]]>
              </value>
            </param>
          </params>
          <reporter-output>
          </reporter-output>
        </test-method> <!-- setUp -->
        <test-method status="PASS" signature="actions()[pri:0, instance:TestCases.IPadPageTesting_ParemeterizingWithParameterAnnot@66480dd7]" name="actions" duration-ms="22196" started-at="2017-09-21T17:28:34Z" finished-at="2017-09-21T17:28:56Z">
          <reporter-output>
          </reporter-output>
        </test-method> <!-- actions -->
        <test-method status="PASS" signature="tearDown(org.testng.ITestResult)[pri:0, instance:TestCases.IPadPageTesting_ParemeterizingWithParameterAnnot@66480dd7]" name="tearDown" is-config="true" duration-ms="7" started-at="2017-09-21T17:28:56Z" finished-at="2017-09-21T17:28:56Z">
          <params>
            <param index="0">
              <value>
                <![CDATA[[TestResult name=actions status=SUCCESS method=IPadPageTesting_ParemeterizingWithParameterAnnot.actions()[pri:0, instance:TestCases.IPadPageTesting_ParemeterizingWithParameterAnnot@66480dd7] output={null}]]]>
              </value>
            </param>
          </params>
          <reporter-output>
          </reporter-output>
        </test-method> <!-- tearDown -->
        <test-method status="FAIL" signature="someOtherActions()[pri:1, instance:TestCases.IPadPageTesting_ParemeterizingWithParameterAnnot@66480dd7]" name="someOtherActions" duration-ms="38665" started-at="2017-09-21T17:28:56Z" finished-at="2017-09-21T17:29:35Z">
          <exception class="org.openqa.selenium.SessionNotCreatedException">
            <message>
              <![CDATA[Tried to run command without establishing a connection
Build info: version: '3.5.3', revision: 'a88d25fe6b', time: '2017-08-29T12:42:44.417Z'
System info: host: 'ZAKARIA-HP', ip: '192.168.56.1', os.name: 'Windows 10', os.arch: 'amd64', os.version: '10.0', java.version: '1.8.0_144'
Driver info: org.openqa.selenium.firefox.FirefoxDriver
Capabilities [{moz:profile=C:\Users\ITSZAK~1\AppData\Local\Temp\rust_mozprofile.BysrhXiZqRzx, rotatable=false, timeouts={implicit=0, pageLoad=300000, script=30000}, pageLoadStrategy=normal, platform=XP, specificationLevel=0, moz:accessibilityChecks=false, acceptInsecureCerts=false, browserVersion=55.0.3, platformVersion=10.0, moz:processID=9156, browserName=firefox, javascriptEnabled=true, platformName=XP}]
Session ID: b1bcb0e1-6ce2-4942-b087-79f7179f2636]]>
            </message>
            <full-stacktrace>
              <![CDATA[org.openqa.selenium.SessionNotCreatedException: Tried to run command without establishing a connection
Build info: version: '3.5.3', revision: 'a88d25fe6b', time: '2017-08-29T12:42:44.417Z'
System info: host: 'ZAKARIA-HP', ip: '192.168.56.1', os.name: 'Windows 10', os.arch: 'amd64', os.version: '10.0', java.version: '1.8.0_144'
Driver info: org.openqa.selenium.firefox.FirefoxDriver
Capabilities [{moz:profile=C:\Users\ITSZAK~1\AppData\Local\Temp\rust_mozprofile.BysrhXiZqRzx, rotatable=false, timeouts={implicit=0, pageLoad=300000, script=30000}, pageLoadStrategy=normal, platform=XP, specificationLevel=0, moz:accessibilityChecks=false, acceptInsecureCerts=false, browserVersion=55.0.3, platformVersion=10.0, moz:processID=9156, browserName=firefox, javascriptEnabled=true, platformName=XP}]
Session ID: b1bcb0e1-6ce2-4942-b087-79f7179f2636
	at sun.reflect.NativeConstructorAccessorImpl.newInstance0(Native Method)
	at sun.reflect.NativeConstructorAccessorImpl.newInstance(Unknown Source)
	at sun.reflect.DelegatingConstructorAccessorImpl.newInstance(Unknown Source)
	at java.lang.reflect.Constructor.newInstance(Unknown Source)
	at org.openqa.selenium.remote.http.W3CHttpResponseCodec.createException(W3CHttpResponseCodec.java:185)
	at org.openqa.selenium.remote.http.W3CHttpResponseCodec.decode(W3CHttpResponseCodec.java:120)
	at org.openqa.selenium.remote.http.W3CHttpResponseCodec.decode(W3CHttpResponseCodec.java:49)
	at org.openqa.selenium.remote.HttpCommandExecutor.execute(HttpCommandExecutor.java:164)
	at org.openqa.selenium.remote.service.DriverCommandExecutor.execute(DriverCommandExecutor.java:82)
	at org.openqa.selenium.remote.RemoteWebDriver.execute(RemoteWebDriver.java:646)
	at org.openqa.selenium.remote.RemoteWebDriver.execute(RemoteWebDriver.java:703)
	at org.openqa.selenium.remote.RemoteWebDriver.getScreenshotAs(RemoteWebDriver.java:388)
	at Utilities.Screenshot.returnScreenshotPathForAdvReport(Screenshot.java:35)
	at Utilities.Screenshot.addScreenshotToAdvReport(Screenshot.java:84)
	at TestCases.IPadPageTesting_ParemeterizingWithParameterAnnot.someOtherActions(IPadPageTesting_ParemeterizingWithParameterAnnot.java:123)
	at sun.reflect.NativeMethodAccessorImpl.invoke0(Native Method)
	at sun.reflect.NativeMethodAccessorImpl.invoke(Unknown Source)
	at sun.reflect.DelegatingMethodAccessorImpl.invoke(Unknown Source)
	at java.lang.reflect.Method.invoke(Unknown Source)
	at org.testng.internal.MethodInvocationHelper.invokeMethod(MethodInvocationHelper.java:108)
	at org.testng.internal.Invoker.invokeMethod(Invoker.java:669)
	at org.testng.internal.Invoker.invokeTestMethod(Invoker.java:877)
	at org.testng.internal.Invoker.invokeTestMethods(Invoker.java:1201)
	at org.testng.internal.TestMethodWorker.invokeTestMethods(TestMethodWorker.java:125)
	at org.testng.internal.TestMethodWorker.run(TestMethodWorker.java:109)
	at org.testng.TestRunner.privateRun(TestRunner.java:776)
	at org.testng.TestRunner.run(TestRunner.java:634)
	at org.testng.SuiteRunner.runTest(SuiteRunner.java:425)
	at org.testng.SuiteRunner.runSequentially(SuiteRunner.java:420)
	at org.testng.SuiteRunner.privateRun(SuiteRunner.java:385)
	at org.testng.SuiteRunner.run(SuiteRunner.java:334)
	at org.testng.SuiteRunnerWorker.runSuite(SuiteRunnerWorker.java:52)
	at org.testng.SuiteRunnerWorker.run(SuiteRunnerWorker.java:86)
	at org.testng.TestNG.runSuitesSequentially(TestNG.java:1318)
	at org.testng.TestNG.runSuitesLocally(TestNG.java:1243)
	at org.testng.TestNG.runSuites(TestNG.java:1161)
	at org.testng.TestNG.run(TestNG.java:1129)
	at org.testng.remote.AbstractRemoteTestNG.run(AbstractRemoteTestNG.java:114)
	at org.testng.remote.RemoteTestNG.initAndRun(RemoteTestNG.java:251)
	at org.testng.remote.RemoteTestNG.main(RemoteTestNG.java:77)
]]>
            </full-stacktrace>
          </exception> <!-- org.openqa.selenium.SessionNotCreatedException -->
          <reporter-output>
          </reporter-output>
        </test-method> <!-- someOtherActions -->
        <test-method status="FAIL" signature="tearDown(org.testng.ITestResult)[pri:0, instance:TestCases.IPadPageTesting_ParemeterizingWithParameterAnnot@66480dd7]" name="tearDown" is-config="true" duration-ms="21" started-at="2017-09-21T17:29:35Z" finished-at="2017-09-21T17:29:35Z">
          <params>
            <param index="0">
              <value>
                <![CDATA[[TestResult name=someOtherActions status=FAILURE method=IPadPageTesting_ParemeterizingWithParameterAnnot.someOtherActions()[pri:1, instance:TestCases.IPadPageTesting_ParemeterizingWithParameterAnnot@66480dd7] output={null}]]]>
              </value>
            </param>
          </params>
          <exception class="org.openqa.selenium.SessionNotCreatedException">
            <message>
              <![CDATA[Tried to run command without establishing a connection
Build info: version: '3.5.3', revision: 'a88d25fe6b', time: '2017-08-29T12:42:44.417Z'
System info: host: 'ZAKARIA-HP', ip: '192.168.56.1', os.name: 'Windows 10', os.arch: 'amd64', os.version: '10.0', java.version: '1.8.0_144'
Driver info: org.openqa.selenium.firefox.FirefoxDriver
Capabilities [{moz:profile=C:\Users\ITSZAK~1\AppData\Local\Temp\rust_mozprofile.BysrhXiZqRzx, rotatable=false, timeouts={implicit=0, pageLoad=300000, script=30000}, pageLoadStrategy=normal, platform=XP, specificationLevel=0, moz:accessibilityChecks=false, acceptInsecureCerts=false, browserVersion=55.0.3, platformVersion=10.0, moz:processID=9156, browserName=firefox, javascriptEnabled=true, platformName=XP}]
Session ID: b1bcb0e1-6ce2-4942-b087-79f7179f2636]]>
            </message>
            <full-stacktrace>
              <![CDATA[org.openqa.selenium.SessionNotCreatedException: Tried to run command without establishing a connection
Build info: version: '3.5.3', revision: 'a88d25fe6b', time: '2017-08-29T12:42:44.417Z'
System info: host: 'ZAKARIA-HP', ip: '192.168.56.1', os.name: 'Windows 10', os.arch: 'amd64', os.version: '10.0', java.version: '1.8.0_144'
Driver info: org.openqa.selenium.firefox.FirefoxDriver
Capabilities [{moz:profile=C:\Users\ITSZAK~1\AppData\Local\Temp\rust_mozprofile.BysrhXiZqRzx, rotatable=false, timeouts={implicit=0, pageLoad=300000, script=30000}, pageLoadStrategy=normal, platform=XP, specificationLevel=0, moz:accessibilityChecks=false, acceptInsecureCerts=false, browserVersion=55.0.3, platformVersion=10.0, moz:processID=9156, browserName=firefox, javascriptEnabled=true, platformName=XP}]
Session ID: b1bcb0e1-6ce2-4942-b087-79f7179f2636
	at sun.reflect.NativeConstructorAccessorImpl.newInstance0(Native Method)
	at sun.reflect.NativeConstructorAccessorImpl.newInstance(Unknown Source)
	at sun.reflect.DelegatingConstructorAccessorImpl.newInstance(Unknown Source)
	at java.lang.reflect.Constructor.newInstance(Unknown Source)
	at org.openqa.selenium.remote.http.W3CHttpResponseCodec.createException(W3CHttpResponseCodec.java:185)
	at org.openqa.selenium.remote.http.W3CHttpResponseCodec.decode(W3CHttpResponseCodec.java:120)
	at org.openqa.selenium.remote.http.W3CHttpResponseCodec.decode(W3CHttpResponseCodec.java:49)
	at org.openqa.selenium.remote.HttpCommandExecutor.execute(HttpCommandExecutor.java:164)
	at org.openqa.selenium.remote.service.DriverCommandExecutor.execute(DriverCommandExecutor.java:82)
	at org.openqa.selenium.remote.RemoteWebDriver.execute(RemoteWebDriver.java:646)
	at org.openqa.selenium.remote.RemoteWebDriver.execute(RemoteWebDriver.java:703)
	at org.openqa.selenium.remote.RemoteWebDriver.getScreenshotAs(RemoteWebDriver.java:388)
	at Utilities.Screenshot.takeScreenshot(Screenshot.java:24)
	at TestCases.IPadPageTesting_ParemeterizingWithParameterAnnot.tearDown(IPadPageTesting_ParemeterizingWithParameterAnnot.java:150)
	at sun.reflect.NativeMethodAccessorImpl.invoke0(Native Method)
	at sun.reflect.NativeMethodAccessorImpl.invoke(Unknown Source)
	at sun.reflect.DelegatingMethodAccessorImpl.invoke(Unknown Source)
	at java.lang.reflect.Method.invoke(Unknown Source)
	at org.testng.internal.MethodInvocationHelper.invokeMethod(MethodInvocationHelper.java:108)
	at org.testng.internal.Invoker.invokeConfigurationMethod(Invoker.java:523)
	at org.testng.internal.Invoker.invokeConfigurations(Invoker.java:224)
	at org.testng.internal.Invoker.invokeMethod(Invoker.java:731)
	at org.testng.internal.Invoker.invokeTestMethod(Invoker.java:877)
	at org.testng.internal.Invoker.invokeTestMethods(Invoker.java:1201)
	at org.testng.internal.TestMethodWorker.invokeTestMethods(TestMethodWorker.java:125)
	at org.testng.internal.TestMethodWorker.run(TestMethodWorker.java:109)
	at org.testng.TestRunner.privateRun(TestRunner.java:776)
	at org.testng.TestRunner.run(TestRunner.java:634)
	at org.testng.SuiteRunner.runTest(SuiteRunner.java:425)
	at org.testng.SuiteRunner.runSequentially(SuiteRunner.java:420)
	at org.testng.SuiteRunner.privateRun(SuiteRunner.java:385)
	at org.testng.SuiteRunner.run(SuiteRunner.java:334)
	at org.testng.SuiteRunnerWorker.runSuite(SuiteRunnerWorker.java:52)
	at org.testng.SuiteRunnerWorker.run(SuiteRunnerWorker.java:86)
	at org.testng.TestNG.runSuitesSequentially(TestNG.java:1318)
	at org.testng.TestNG.runSuitesLocally(TestNG.java:1243)
	at org.testng.TestNG.runSuites(TestNG.java:1161)
	at org.testng.TestNG.run(TestNG.java:1129)
	at org.testng.remote.AbstractRemoteTestNG.run(AbstractRemoteTestNG.java:114)
	at org.testng.remote.RemoteTestNG.initAndRun(RemoteTestNG.java:251)
	at org.testng.remote.RemoteTestNG.main(RemoteTestNG.java:77)
]]>
            </full-stacktrace>
          </exception> <!-- org.openqa.selenium.SessionNotCreatedException -->
          <reporter-output>
          </reporter-output>
        </test-method> <!-- tearDown -->
        <test-method status="SKIP" signature="tearDown()[pri:0, instance:TestCases.IPadPageTesting_ParemeterizingWithParameterAnnot@66480dd7]" name="tearDown" is-config="true" duration-ms="0" started-at="2017-09-21T17:29:35Z" finished-at="2017-09-21T17:29:35Z">
          <reporter-output>
          </reporter-output>
        </test-method> <!-- tearDown -->
      </class> <!-- TestCases.IPadPageTesting_ParemeterizingWithParameterAnnot -->
    </test> <!-- paramWithFirefoxBrowser -->
  </suite> <!-- DynamicTesting -->
</testng-results>
